<?xml version="1.0" encoding="UTF-8"?>
<Site BuildName="Linux-g++"
	BuildStamp="20240314-1251-Experimental"
	Name="codermachine"
	Generator="ctest-3.28.1"
	CompilerName="/usr/bin/g++"
	CompilerVersion="11.4.0"
	OSName="Linux"
	Hostname="codermachine"
	OSRelease="6.5.0-21-generic"
	OSVersion="#21~22.04.1-Ubuntu SMP PREEMPT_DYNAMIC Fri Feb  9 13:32:52 UTC 2"
	OSPlatform="x86_64"
	Is64Bits="1"
	VendorString="AuthenticAMD"
	VendorID="Advanced Micro Devices"
	FamilyID="25"
	ModelID="97"
	ProcessorCacheSize="1024"
	NumberOfLogicalCPU="8"
	NumberOfPhysicalCPU="8"
	TotalVirtualMemory="2139"
	TotalPhysicalMemory="18320"
	LogicalProcessorsPerPhysical="1"
	ProcessorClockFrequency="4691.19"
	>
	<Testing>
		<StartDateTime>Mar 14 08:52 EDT</StartDateTime>
		<StartTestTime>1710420723</StartTestTime>
		<TestList/>
		<EndDateTime>Mar 14 08:52 EDT</EndDateTime>
		<EndTestTime>1710420723</EndTestTime>
		<ElapsedMinutes>0</ElapsedMinutes>
	</Testing>
</Site>
